[debug] [2022-07-25T19:05:18.465Z] ----------------------------------------------------------------------
[debug] [2022-07-25T19:05:18.467Z] Command:       /Users/demonteverde/.nvm/versions/node/v12.6.0/bin/node /Users/demonteverde/.nvm/versions/node/v12.6.0/bin/firebase deploy
[debug] [2022-07-25T19:05:18.468Z] CLI Version:   9.23.0
[debug] [2022-07-25T19:05:18.468Z] Platform:      darwin
[debug] [2022-07-25T19:05:18.468Z] Node Version:  v12.6.0
[debug] [2022-07-25T19:05:18.469Z] Time:          Mon Jul 25 2022 21:05:18 GMT+0200 (GMT+02:00)
[debug] [2022-07-25T19:05:18.469Z] ----------------------------------------------------------------------
[debug] 
[debug] [2022-07-25T19:05:18.516Z] > command requires scopes: ["email","openid","https://www.googleapis.com/auth/cloudplatformprojects.readonly","https://www.googleapis.com/auth/firebase","https://www.googleapis.com/auth/cloud-platform"]
[debug] [2022-07-25T19:05:18.516Z] > authorizing via signed-in user (daniel.demonteverde@gmail.com)
[debug] [2022-07-25T19:05:18.516Z] [iam] checking project themontegreen for permissions ["firebase.projects.get","firebasehosting.sites.update"]
[debug] [2022-07-25T19:05:18.518Z] > refreshing access token with scopes: ["email","https://www.googleapis.com/auth/cloud-platform","https://www.googleapis.com/auth/cloudplatformprojects.readonly","https://www.googleapis.com/auth/firebase","openid"]
[debug] [2022-07-25T19:05:18.518Z] >>> HTTP REQUEST POST https://www.googleapis.com/oauth2/v3/token  
 <request body omitted>
[debug] [2022-07-25T19:05:18.630Z] <<< HTTP RESPONSE 400 {"pragma":"no-cache","expires":"Mon, 01 Jan 1990 00:00:00 GMT","date":"Mon, 25 Jul 2022 19:05:18 GMT","cache-control":"no-cache, no-store, max-age=0, must-revalidate","content-type":"application/json; charset=utf-8","vary":"X-Origin, Referer, Origin,Accept-Encoding","server":"scaffolding on HTTPServer2","x-xss-protection":"0","x-frame-options":"SAMEORIGIN","x-content-type-options":"nosniff","alt-svc":"h3=\":443\"; ma=2592000,h3-29=\":443\"; ma=2592000,h3-Q050=\":443\"; ma=2592000,h3-Q046=\":443\"; ma=2592000,h3-Q043=\":443\"; ma=2592000,quic=\":443\"; ma=2592000; v=\"46,43\"","accept-ranges":"none","transfer-encoding":"chunked"}
[debug] [2022-07-25T19:05:18.631Z] >>> HTTP REQUEST POST https://cloudresourcemanager.googleapis.com/v1/projects/themontegreen:testIamPermissions  
 {"permissions":["firebase.projects.get","firebasehosting.sites.update"]}
[debug] [2022-07-25T19:05:19.510Z] <<< HTTP RESPONSE 401 {"www-authenticate":"Bearer realm=\"https://accounts.google.com/\", error=\"invalid_token\"","vary":"X-Origin, Referer, Origin,Accept-Encoding","content-type":"application/json; charset=UTF-8","date":"Mon, 25 Jul 2022 19:05:19 GMT","server":"ESF","cache-control":"private","x-xss-protection":"0","x-frame-options":"SAMEORIGIN","x-content-type-options":"nosniff","server-timing":"gfet4t7; dur=730","alt-svc":"h3=\":443\"; ma=2592000,h3-29=\":443\"; ma=2592000,h3-Q050=\":443\"; ma=2592000,h3-Q046=\":443\"; ma=2592000,h3-Q043=\":443\"; ma=2592000,quic=\":443\"; ma=2592000; v=\"46,43\"","accept-ranges":"none","transfer-encoding":"chunked"}
[debug] [2022-07-25T19:05:19.510Z] <<< HTTP RESPONSE BODY {"error":{"code":401,"message":"Request had invalid authentication credentials. Expected OAuth 2 access token, login cookie or other valid authentication credential. See https://developers.google.com/identity/sign-in/web/devconsole-project.","status":"UNAUTHENTICATED","details":[{"@type":"type.googleapis.com/google.rpc.ErrorInfo","reason":"ACCESS_TOKEN_TYPE_UNSUPPORTED","metadata":{"method":"google.cloudresourcemanager.v1.Projects.TestIamPermissions","service":"cloudresourcemanager.googleapis.com"}}]}}
[debug] [2022-07-25T19:05:19.511Z] [iam] error while checking permissions, command may fail: FirebaseError: HTTP Error: 401, Request had invalid authentication credentials. Expected OAuth 2 access token, login cookie or other valid authentication credential. See https://developers.google.com/identity/sign-in/web/devconsole-project.
[debug] [2022-07-25T19:05:19.512Z] > refreshing access token with scopes: []
[debug] [2022-07-25T19:05:19.512Z] >>> HTTP REQUEST POST https://www.googleapis.com/oauth2/v3/token  
 <request body omitted>
[debug] [2022-07-25T19:05:19.592Z] <<< HTTP RESPONSE 400 {"cache-control":"no-cache, no-store, max-age=0, must-revalidate","pragma":"no-cache","date":"Mon, 25 Jul 2022 19:05:19 GMT","expires":"Mon, 01 Jan 1990 00:00:00 GMT","content-type":"application/json; charset=utf-8","vary":"X-Origin, Referer, Origin,Accept-Encoding","server":"scaffolding on HTTPServer2","x-xss-protection":"0","x-frame-options":"SAMEORIGIN","x-content-type-options":"nosniff","alt-svc":"h3=\":443\"; ma=2592000,h3-29=\":443\"; ma=2592000,h3-Q050=\":443\"; ma=2592000,h3-Q046=\":443\"; ma=2592000,h3-Q043=\":443\"; ma=2592000,quic=\":443\"; ma=2592000; v=\"46,43\"","accept-ranges":"none","transfer-encoding":"chunked"}
[debug] [2022-07-25T19:05:19.594Z] >>> [apiv2][query] GET https://firebase.googleapis.com/v1beta1/projects/themontegreen [none]
[debug] [2022-07-25T19:05:19.680Z] <<< [apiv2][status] GET https://firebase.googleapis.com/v1beta1/projects/themontegreen 401
[debug] [2022-07-25T19:05:19.680Z] <<< [apiv2][body] GET https://firebase.googleapis.com/v1beta1/projects/themontegreen {"error":{"code":401,"message":"Request had invalid authentication credentials. Expected OAuth 2 access token, login cookie or other valid authentication credential. See https://developers.google.com/identity/sign-in/web/devconsole-project.","status":"UNAUTHENTICATED"}}
[debug] [2022-07-25T19:05:19.680Z] HTTP Error: 401, Request had invalid authentication credentials. Expected OAuth 2 access token, login cookie or other valid authentication credential. See https://developers.google.com/identity/sign-in/web/devconsole-project.
[debug] [2022-07-25T19:05:19.681Z] FirebaseError: HTTP Error: 401, Request had invalid authentication credentials. Expected OAuth 2 access token, login cookie or other valid authentication credential. See https://developers.google.com/identity/sign-in/web/devconsole-project.
    at module.exports (/Users/demonteverde/.nvm/versions/node/v12.6.0/lib/node_modules/firebase-tools/lib/responseToError.js:38:12)
    at Client.doRequest (/Users/demonteverde/.nvm/versions/node/v12.6.0/lib/node_modules/firebase-tools/lib/apiv2.js:241:23)
    at processTicksAndRejections (internal/process/task_queues.js:85:5)
    at async Client.request (/Users/demonteverde/.nvm/versions/node/v12.6.0/lib/node_modules/firebase-tools/lib/apiv2.js:96:20)
    at async Object.getFirebaseProject (/Users/demonteverde/.nvm/versions/node/v12.6.0/lib/node_modules/firebase-tools/lib/management/projects.js:290:21)
    at async Object.getDefaultHostingSite (/Users/demonteverde/.nvm/versions/node/v12.6.0/lib/node_modules/firebase-tools/lib/getDefaultHostingSite.js:8:21)
    at async requireHostingSite (/Users/demonteverde/.nvm/versions/node/v12.6.0/lib/node_modules/firebase-tools/lib/requireHostingSite.js:9:18)
    at async Object.fn (/Users/demonteverde/.nvm/versions/node/v12.6.0/lib/node_modules/firebase-tools/lib/commands/deploy.js:73:9)
    at async /Users/demonteverde/.nvm/versions/node/v12.6.0/lib/node_modules/firebase-tools/lib/command.js:188:17
[error] 
[error] Error: Failed to get Firebase project themontegreen. Please make sure the project exists and your account has permission to access it.
